  autofit.c
  ftbase.c
  ftbbox.c
  ftbdf.c
  ftbitmap.c
  ftcid.c
  ftdebug.c
  ftfstype.c
  ftgasp.c
  ftglyph.c
  ftgxval.c
  ftinit.c
  ftmm.c
  ftotval.c
  ftpatent.c
  ftpfr.c
  ftstroke.c
  ftsynth.c
  ftsystem.c
  fttype1.c
  ftwinfnt.c
  bdf.c
  ftbzip2.c
  ftcache.c
  cff.c
  type1cid.c
  ftgzip.c
  ftlzw.c
  pcf.c
  pfr.c
  psaux.c
  pshinter.c
  psnames.c
  raster.c
  sdf.c
  sfnt.c
  smooth.c
  truetype.c
D:\dev\C++\Oregano\Oregano\vendor\msdf-atlas-gen\msdfgen\freetype\src\psaux\t1decode.c(1996,23): warning C4267: "=": Konvertierung von "size_t" nach "FT_Int", Datenverlust möglich
  (Quelldatei „src/psaux/psaux.c“ wird kompiliert)
  
D:\dev\C++\Oregano\Oregano\vendor\msdf-atlas-gen\msdfgen\freetype\src\psaux\psintrp.c(1012,25): warning C4267: "=": Konvertierung von "size_t" nach "FT_Fast", Datenverlust möglich
  (Quelldatei „src/psaux/psaux.c“ wird kompiliert)
  
  type1.c
  type42.c
  winfnt.c
D:\dev\C++\Oregano\Oregano\vendor\msdf-atlas-gen\msdfgen\freetype\src\smooth\ftgrays.c(1899,20): warning C4267: "+=": Konvertierung von "size_t" nach "TCoord", Datenverlust möglich
  (Quelldatei „src/smooth/smooth.c“ wird kompiliert)
  
D:\dev\C++\Oregano\Oregano\vendor\msdf-atlas-gen\msdfgen\freetype\src\sfnt\sfdriver.c(884,13): warning C4267: "=": Konvertierung von "size_t" nach "FT_UInt", Datenverlust möglich
  (Quelldatei „src/sfnt/sfnt.c“ wird kompiliert)
  
D:\dev\C++\Oregano\Oregano\vendor\msdf-atlas-gen\msdfgen\freetype\src\sfnt\sfdriver.c(1036,36): warning C4244: "Funktion": Konvertierung von "__int64" in "const unsigned int", möglicher Datenverlust
  (Quelldatei „src/sfnt/sfnt.c“ wird kompiliert)
  
D:\dev\C++\Oregano\Oregano\vendor\msdf-atlas-gen\msdfgen\freetype\src\type1\t1driver.c(292,48): warning C4267: "=": Konvertierung von "size_t" nach "FT_ULong", Datenverlust möglich
  (Quelldatei „src/type1/type1.c“ wird kompiliert)
  
D:\dev\C++\Oregano\Oregano\vendor\msdf-atlas-gen\msdfgen\freetype\src\type1\t1driver.c(313,55): warning C4267: "=": Konvertierung von "size_t" nach "FT_ULong", Datenverlust möglich
  (Quelldatei „src/type1/type1.c“ wird kompiliert)
  
D:\dev\C++\Oregano\Oregano\vendor\msdf-atlas-gen\msdfgen\freetype\src\type1\t1driver.c(342,62): warning C4267: "=": Konvertierung von "size_t" nach "FT_ULong", Datenverlust möglich
  (Quelldatei „src/type1/type1.c“ wird kompiliert)
  
D:\dev\C++\Oregano\Oregano\vendor\msdf-atlas-gen\msdfgen\freetype\src\type1\t1driver.c(369,19): warning C4267: "=": Konvertierung von "size_t" nach "FT_UInt", Datenverlust möglich
  (Quelldatei „src/type1/type1.c“ wird kompiliert)
  
D:\dev\C++\Oregano\Oregano\vendor\msdf-atlas-gen\msdfgen\freetype\src\type1\t1driver.c(578,56): warning C4267: "=": Konvertierung von "size_t" nach "FT_ULong", Datenverlust möglich
  (Quelldatei „src/type1/type1.c“ wird kompiliert)
  
D:\dev\C++\Oregano\Oregano\vendor\msdf-atlas-gen\msdfgen\freetype\src\type1\t1driver.c(587,55): warning C4267: "=": Konvertierung von "size_t" nach "FT_ULong", Datenverlust möglich
  (Quelldatei „src/type1/type1.c“ wird kompiliert)
  
D:\dev\C++\Oregano\Oregano\vendor\msdf-atlas-gen\msdfgen\freetype\src\type1\t1driver.c(596,58): warning C4267: "=": Konvertierung von "size_t" nach "FT_ULong", Datenverlust möglich
  (Quelldatei „src/type1/type1.c“ wird kompiliert)
  
D:\dev\C++\Oregano\Oregano\vendor\msdf-atlas-gen\msdfgen\freetype\src\type1\t1driver.c(605,60): warning C4267: "=": Konvertierung von "size_t" nach "FT_ULong", Datenverlust möglich
  (Quelldatei „src/type1/type1.c“ wird kompiliert)
  
D:\dev\C++\Oregano\Oregano\vendor\msdf-atlas-gen\msdfgen\freetype\src\type1\t1driver.c(615,55): warning C4267: "=": Konvertierung von "size_t" nach "FT_ULong", Datenverlust möglich
  (Quelldatei „src/type1/type1.c“ wird kompiliert)
  
D:\dev\C++\Oregano\Oregano\vendor\msdf-atlas-gen\msdfgen\freetype\src\type1\t1load.c(1780,64): warning C4244: "=": Konvertierung von "__int64" in "FT_Int", möglicher Datenverlust
  (Quelldatei „src/type1/type1.c“ wird kompiliert)
  
D:\dev\C++\Oregano\Oregano\vendor\msdf-atlas-gen\msdfgen\freetype\src\type1\t1load.c(1953,36): warning C4244: "=": Konvertierung von "__int64" in "FT_Int", möglicher Datenverlust
  (Quelldatei „src/type1/type1.c“ wird kompiliert)
  
D:\dev\C++\Oregano\Oregano\vendor\msdf-atlas-gen\msdfgen\freetype\src\type42\t42parse.c(878,62): warning C4244: "=": Konvertierung von "__int64" in "FT_Int", möglicher Datenverlust
  (Quelldatei „src/type42/type42.c“ wird kompiliert)
  
  freetype.vcxproj -> D:\dev\C++\Oregano\Oregano\vendor\msdf-atlas-gen\msdfgen\bin\Debug-windows-x86_64\freetype\freetype.lib
